<?xml version="1.0" encoding="UTF-8"?>
<!-- Generated by org.testng.reporters.JUnitReportReporter -->
<testsuite skipped="0" hostname="DESKTOP-KRLAL0I" name="pageobjectmodel.Login" tests="2" failures="0" timestamp="23 May 2019 01:02:50 GMT" time="122.969" errors="0">
  <testcase name="login" time="51.959" classname="pageobjectmodel.Login"/>
  <testcase name="registration" time="71.010" classname="pageobjectmodel.Login"/>
</testsuite> <!-- pageobjectmodel.Login -->
